<?xml version="1.0" encoding="UTF-8"?>
<!-- Generated by org.testng.reporters.JUnitReportReporter -->
<testsuite hostname="TZYD58" failures="0" tests="1" name="listing.list" time="0.162" errors="0" timestamp="2022-07-08T13:26:19 IST" skipped="0">
  <testcase classname="listing.list" name="destinations" time="0.162"/>
  <system-out/>
</testsuite> <!-- listing.list -->
